<?xml version="1.0" encoding="UTF-8"?>
<!-- Generated by org.testng.reporters.JUnitReportReporter -->
<testsuite hostname="LAPTOP-HRG65F26" failures="0" tests="1" name="com.inetBanking.TestCases.TC_AddCustomerTest_003" time="44.175" errors="0" timestamp="2021-02-18T19:54:45 IST" skipped="0">
  <testcase classname="com.inetBanking.TestCases.TC_AddCustomerTest_003" name="addNewCustome" time="44.175"/>
  <system-out/>
</testsuite> <!-- com.inetBanking.TestCases.TC_AddCustomerTest_003 -->
