<?xml version="1.0" encoding="UTF-8"?>
<!-- Generated by org.testng.reporters.JUnitReportReporter -->
<testsuite hostname="LAPTOP-HRG65F26" failures="0" tests="1" name="com.inetBanking.TestCases.TC_AddCustomerTest_003" time="31.742" errors="0" timestamp="2021-02-21T20:00:16 IST" skipped="0">
  <testcase classname="com.inetBanking.TestCases.TC_AddCustomerTest_003" name="addNewCustome" time="31.742"/>
  <system-out/>
</testsuite> <!-- com.inetBanking.TestCases.TC_AddCustomerTest_003 -->
